#
# There is insufficient memory for the Java Runtime Environment to continue.
# Native memory allocation (mmap) failed to map 10485760 bytes for G1 virtual space
# Possible reasons:
#   The system is out of physical RAM or swap space
#   The process is running with CompressedOops enabled, and the Java Heap may be blocking the growth of the native heap
# Possible solutions:
#   Reduce memory load on the system
#   Increase physical memory or swap space
#   Check if swap backing store is full
#   Decrease Java heap size (-Xmx/-Xms)
#   Decrease number of Java threads
#   Decrease Java thread stack sizes (-Xss)
#   Set larger code cache with -XX:ReservedCodeCacheSize=
#   JVM is running with Unscaled Compressed Oops mode in which the Java heap is
#     placed in the first 4GB address space. The Java Heap base address is the
#     maximum limit for the native heap growth. Please use -XX:HeapBaseMinAddress
#     to set the Java Heap base and to place the Java Heap above 4GB virtual address.
# This output file may be truncated or incomplete.
#
#  Out of Memory Error (os_windows.cpp:3535), pid=12028, tid=12592
#
# JRE version: Java(TM) SE Runtime Environment (17.0.3.1+2) (build 17.0.3.1+2-LTS-6)
# Java VM: Java HotSpot(TM) 64-Bit Server VM (17.0.3.1+2-LTS-6, mixed mode, sharing, tiered, compressed oops, compressed class ptrs, g1 gc, windows-amd64)
# No core dump will be written. Minidumps are not enabled by default on client versions of Windows
#

---------------  S U M M A R Y ------------

Command Line: --add-opens=java.base/java.util=ALL-UNNAMED --add-opens=java.base/java.lang=ALL-UNNAMED --add-opens=java.base/java.lang.invoke=ALL-UNNAMED --add-opens=java.base/java.util=ALL-UNNAMED --add-opens=java.prefs/java.util.prefs=ALL-UNNAMED --add-opens=java.prefs/java.util.prefs=ALL-UNNAMED --add-opens=java.base/java.nio.charset=ALL-UNNAMED --add-opens=java.base/java.net=ALL-UNNAMED --add-opens=java.base/java.util.concurrent.atomic=ALL-UNNAMED -Xmx2048m -Dfile.encoding=UTF-8 -Duser.country=US -Duser.language=en -Duser.variant org.gradle.launcher.daemon.bootstrap.GradleDaemon 7.4

Host: Intel(R) Core(TM) i5-4300M CPU @ 2.60GHz, 4 cores, 3G,  Windows 10 , 64 bit Build 19041 (10.0.19041.292)
Time: Sat Oct 29 13:01:48 2022 Arabic Standard Time elapsed time: 53.682198 seconds (0d 0h 0m 53s)

---------------  T H R E A D  ---------------

Current thread (0x0000018879be7580):  VMThread "VM Thread" [stack: 0x0000006450200000,0x0000006450300000] [id=12592]

Stack: [0x0000006450200000,0x0000006450300000]
Native frames: (J=compiled Java code, j=interpreted, Vv=VM code, C=native code)
V  [jvm.dll+0x6711ba]
V  [jvm.dll+0x7d0834]
V  [jvm.dll+0x7d1fde]
V  [jvm.dll+0x7d2643]
V  [jvm.dll+0x242c85]
V  [jvm.dll+0x66e0d9]
V  [jvm.dll+0x662a22]
V  [jvm.dll+0x300ddb]
V  [jvm.dll+0x308376]
V  [jvm.dll+0x357f7e]
V  [jvm.dll+0x3581af]
V  [jvm.dll+0x2d7ff8]
V  [jvm.dll+0x2db076]
V  [jvm.dll+0x2e56c8]
V  [jvm.dll+0x319550]
V  [jvm.dll+0x7d6b1b]
V  [jvm.dll+0x7d7854]
V  [jvm.dll+0x7d7d6c]
V  [jvm.dll+0x7d8144]
V  [jvm.dll+0x7d8210]
V  [jvm.dll+0x780aca]
V  [jvm.dll+0x670045]
C  [ucrtbase.dll+0x21542]
C  [KERNEL32.DLL+0x16fd4]
C  [ntdll.dll+0x4cec1]

VM_Operation (0x000000644feff9d0): G1Concurrent, mode: safepoint, requested by thread 0x000001885c381e80


---------------  P R O C E S S  ---------------

Threads class SMR info:
_java_thread_list=0x000001887be0d820, length=79, elements={
0x000001885c314510, 0x0000018879bed950, 0x0000018879bee7c0, 0x0000018879bfdce0,
0x0000018879c01910, 0x0000018879c022c0, 0x0000018879c02c70, 0x0000018879c03a00,
0x0000018879c044a0, 0x0000018879c75df0, 0x000001887a88b6f0, 0x000001887a88ffd0,
0x000001887c84c230, 0x000001887b4ab770, 0x000001887a962930, 0x000001887bdad0e0,
0x000001887bf4e6c0, 0x000001887b535f20, 0x000001887b849070, 0x000001887b6c6240,
0x000001887b6c4f00, 0x000001887b6c53d0, 0x000001887b6c5d70, 0x000001887b6c6710,
0x000001887b6c6be0, 0x000001887b6c7580, 0x000001887b6c70b0, 0x000001887b6c7a50,
0x000001887b6c7f20, 0x000001887b6c83f0, 0x000001887b6c4a30, 0x000001887d45d630,
0x000001887d459c70, 0x000001887d458460, 0x000001887d4597a0, 0x000001887d4592d0,
0x000001887d45be20, 0x000001887d45aae0, 0x000001887d45f7e0, 0x000001887d457f90,
0x000001887d45b950, 0x000001887d45c7c0, 0x000001887d45afb0, 0x000001887d45ee40,
0x000001887d458930, 0x000001887d45f310, 0x000001887d45cc90, 0x000001887d458e00,
0x000001887d45d160, 0x000001887d45e4a0, 0x000001887aa68290, 0x000001887aa6b780,
0x000001887aa6cac0, 0x000001887aa66a80, 0x000001887aa68760, 0x000001887aa67420,
0x000001887aa66f50, 0x000001887aa6bc50, 0x000001887aa65c10, 0x000001887aa695d0,
0x000001887aa6a440, 0x000001887aa68c30, 0x000001887aa6b2b0, 0x000001887aa6cf90,
0x000001887aa65740, 0x000001887aa6c5f0, 0x000001887aa678f0, 0x000001887aa67dc0,
0x000001887aa6c120, 0x000001887aa660e0, 0x000001887aa69100, 0x000001887aa69aa0,
0x000001887aa69f70, 0x000001887aa6a910, 0x000001887aa665b0, 0x000001887aa6ade0,
0x000001887c411af0, 0x000001887c416320, 0x000001887c415e50
}

Java Threads: ( => current thread )
  0x000001885c314510 JavaThread "main" [_thread_blocked, id=4036, stack(0x000000644fc00000,0x000000644fd00000)]
  0x0000018879bed950 JavaThread "Reference Handler" daemon [_thread_blocked, id=17616, stack(0x0000006450300000,0x0000006450400000)]
  0x0000018879bee7c0 JavaThread "Finalizer" daemon [_thread_blocked, id=2564, stack(0x0000006450400000,0x0000006450500000)]
  0x0000018879bfdce0 JavaThread "Signal Dispatcher" daemon [_thread_blocked, id=16572, stack(0x0000006450500000,0x0000006450600000)]
  0x0000018879c01910 JavaThread "Attach Listener" daemon [_thread_blocked, id=15992, stack(0x0000006450600000,0x0000006450700000)]
  0x0000018879c022c0 JavaThread "Service Thread" daemon [_thread_blocked, id=15392, stack(0x0000006450700000,0x0000006450800000)]
  0x0000018879c02c70 JavaThread "Monitor Deflation Thread" daemon [_thread_blocked, id=14500, stack(0x0000006450800000,0x0000006450900000)]
  0x0000018879c03a00 JavaThread "C2 CompilerThread0" daemon [_thread_blocked, id=9872, stack(0x0000006450900000,0x0000006450a00000)]
  0x0000018879c044a0 JavaThread "C1 CompilerThread0" daemon [_thread_blocked, id=4544, stack(0x0000006450a00000,0x0000006450b00000)]
  0x0000018879c75df0 JavaThread "Sweeper thread" daemon [_thread_blocked, id=12032, stack(0x0000006450b00000,0x0000006450c00000)]
  0x000001887a88b6f0 JavaThread "Common-Cleaner" daemon [_thread_blocked, id=10944, stack(0x0000006450c00000,0x0000006450d00000)]
  0x000001887a88ffd0 JavaThread "Notification Thread" daemon [_thread_blocked, id=16476, stack(0x0000006450d00000,0x0000006450e00000)]
  0x000001887c84c230 JavaThread "Daemon health stats" [_thread_blocked, id=13716, stack(0x0000006451200000,0x0000006451300000)]
  0x000001887b4ab770 JavaThread "Incoming local TCP Connector on port 53612" [_thread_in_native, id=3280, stack(0x0000006451300000,0x0000006451400000)]
  0x000001887a962930 JavaThread "Daemon periodic checks" [_thread_blocked, id=17048, stack(0x0000006451400000,0x0000006451500000)]
  0x000001887bdad0e0 JavaThread "Daemon" [_thread_blocked, id=15020, stack(0x0000006451500000,0x0000006451600000)]
  0x000001887bf4e6c0 JavaThread "Handler for socket connection from /127.0.0.1:53612 to /127.0.0.1:53614" [_thread_in_native, id=17956, stack(0x0000006451600000,0x0000006451700000)]
  0x000001887b535f20 JavaThread "Cancel handler" [_thread_blocked, id=14824, stack(0x0000006451700000,0x0000006451800000)]
  0x000001887b849070 JavaThread "Daemon worker" [_thread_blocked, id=820, stack(0x0000006451800000,0x0000006451900000)]
  0x000001887b6c6240 JavaThread "Asynchronous log dispatcher for DefaultDaemonConnection: socket connection from /127.0.0.1:53612 to /127.0.0.1:53614" [_thread_blocked, id=13840, stack(0x0000006451900000,0x0000006451a00000)]
  0x000001887b6c4f00 JavaThread "Stdin handler" [_thread_blocked, id=4088, stack(0x0000006451a00000,0x0000006451b00000)]
  0x000001887b6c53d0 JavaThread "Daemon client event forwarder" [_thread_blocked, id=5108, stack(0x0000006451b00000,0x0000006451c00000)]
  0x000001887b6c5d70 JavaThread "Cache worker for journal cache (C:\Users\Ahmed\.gradle\caches\journal-1)" [_thread_blocked, id=15588, stack(0x0000006451d00000,0x0000006451e00000)]
  0x000001887b6c6710 JavaThread "File lock request listener" [_thread_in_native, id=17856, stack(0x0000006451e00000,0x0000006451f00000)]
  0x000001887b6c6be0 JavaThread "Cache worker for file hash cache (C:\Users\Ahmed\.gradle\caches\7.4\fileHashes)" [_thread_blocked, id=9700, stack(0x0000006451f00000,0x0000006452000000)]
  0x000001887b6c7580 JavaThread "File watcher server" daemon [_thread_in_native, id=18244, stack(0x0000006452000000,0x0000006452100000)]
  0x000001887b6c70b0 JavaThread "File watcher consumer" daemon [_thread_blocked, id=6560, stack(0x0000006452100000,0x0000006452200000)]
  0x000001887b6c7a50 JavaThread "jar transforms" [_thread_blocked, id=10700, stack(0x0000006452200000,0x0000006452300000)]
  0x000001887b6c7f20 JavaThread "jar transforms Thread 2" [_thread_blocked, id=9036, stack(0x0000006452300000,0x0000006452400000)]
  0x000001887b6c83f0 JavaThread "jar transforms Thread 3" [_thread_blocked, id=16984, stack(0x0000006452400000,0x0000006452500000)]
  0x000001887b6c4a30 JavaThread "jar transforms Thread 4" [_thread_blocked, id=14936, stack(0x0000006452500000,0x0000006452600000)]
  0x000001887d45d630 JavaThread "Cache worker for checksums cache (D:\TheChance-Projects\TheChance-Season3-Projects\OctopusMovies\.gradle\7.4\checksums)" [_thread_blocked, id=11260, stack(0x0000006452600000,0x0000006452700000)]
  0x000001887d459c70 JavaThread "Cache worker for cache directory md-rule (C:\Users\Ahmed\.gradle\caches\7.4\md-rule)" [_thread_blocked, id=6516, stack(0x0000006452700000,0x0000006452800000)]
  0x000001887d458460 JavaThread "Cache worker for file hash cache (D:\TheChance-Projects\TheChance-Season3-Projects\OctopusMovies\.gradle\7.4\fileHashes)" [_thread_blocked, id=17604, stack(0x0000006452800000,0x0000006452900000)]
  0x000001887d4597a0 JavaThread "Cache worker for cache directory md-supplier (C:\Users\Ahmed\.gradle\caches\7.4\md-supplier)" [_thread_blocked, id=13280, stack(0x0000006452900000,0x0000006452a00000)]
  0x000001887d4592d0 JavaThread "Cache worker for execution history cache (C:\Users\Ahmed\.gradle\caches\7.4\executionHistory)" [_thread_blocked, id=7420, stack(0x0000006452a00000,0x0000006452b00000)]
  0x000001887d45be20 JavaThread "Cache worker for file content cache (C:\Users\Ahmed\.gradle\caches\7.4\fileContent)" [_thread_blocked, id=8332, stack(0x0000006452b00000,0x0000006452c00000)]
  0x000001887d45aae0 JavaThread "Cache worker for dependencies-accessors (D:\TheChance-Projects\TheChance-Season3-Projects\OctopusMovies\.gradle\7.4\dependencies-accessors)" [_thread_blocked, id=1888, stack(0x000000644fa00000,0x000000644fb00000)]
  0x000001887d45f7e0 JavaThread "Cache worker for Build Output Cleanup Cache (D:\TheChance-Projects\TheChance-Season3-Projects\OctopusMovies\.gradle\buildOutputCleanup)" [_thread_blocked, id=18408, stack(0x0000006452e00000,0x0000006452f00000)]
  0x000001887d457f90 JavaThread "Unconstrained build operations" [_thread_blocked, id=10684, stack(0x0000006452f00000,0x0000006453000000)]
  0x000001887d45b950 JavaThread "Unconstrained build operations Thread 2" [_thread_blocked, id=8872, stack(0x0000006453000000,0x0000006453100000)]
  0x000001887d45c7c0 JavaThread "Unconstrained build operations Thread 3" [_thread_blocked, id=15800, stack(0x0000006453100000,0x0000006453200000)]
  0x000001887d45afb0 JavaThread "Unconstrained build operations Thread 4" [_thread_blocked, id=15720, stack(0x0000006453200000,0x0000006453300000)]
  0x000001887d45ee40 JavaThread "Unconstrained build operations Thread 5" [_thread_blocked, id=12884, stack(0x0000006453300000,0x0000006453400000)]
  0x000001887d458930 JavaThread "Unconstrained build operations Thread 6" [_thread_blocked, id=13108, stack(0x0000006453400000,0x0000006453500000)]
  0x000001887d45f310 JavaThread "Unconstrained build operations Thread 7" [_thread_blocked, id=3836, stack(0x0000006453500000,0x0000006453600000)]
  0x000001887d45cc90 JavaThread "Unconstrained build operations Thread 8" [_thread_blocked, id=13160, stack(0x0000006453600000,0x0000006453700000)]
  0x000001887d458e00 JavaThread "Unconstrained build operations Thread 9" [_thread_blocked, id=992, stack(0x0000006453700000,0x0000006453800000)]
  0x000001887d45d160 JavaThread "Unconstrained build operations Thread 10" [_thread_blocked, id=8392, stack(0x0000006453800000,0x0000006453900000)]
  0x000001887d45e4a0 JavaThread "Unconstrained build operations Thread 11" [_thread_blocked, id=3164, stack(0x0000006453900000,0x0000006453a00000)]
  0x000001887aa68290 JavaThread "Unconstrained build operations Thread 12" [_thread_blocked, id=7492, stack(0x0000006453a00000,0x0000006453b00000)]
  0x000001887aa6b780 JavaThread "Unconstrained build operations Thread 13" [_thread_blocked, id=10084, stack(0x0000006453b00000,0x0000006453c00000)]
  0x000001887aa6cac0 JavaThread "Unconstrained build operations Thread 14" [_thread_blocked, id=10268, stack(0x0000006453c00000,0x0000006453d00000)]
  0x000001887aa66a80 JavaThread "Unconstrained build operations Thread 15" [_thread_blocked, id=10948, stack(0x0000006453d00000,0x0000006453e00000)]
  0x000001887aa68760 JavaThread "Unconstrained build operations Thread 16" [_thread_blocked, id=3300, stack(0x0000006453e00000,0x0000006453f00000)]
  0x000001887aa67420 JavaThread "Unconstrained build operations Thread 17" [_thread_blocked, id=15212, stack(0x0000006453f00000,0x0000006454000000)]
  0x000001887aa66f50 JavaThread "Unconstrained build operations Thread 18" [_thread_blocked, id=16696, stack(0x0000006454000000,0x0000006454100000)]
  0x000001887aa6bc50 JavaThread "Unconstrained build operations Thread 19" [_thread_blocked, id=8164, stack(0x0000006454100000,0x0000006454200000)]
  0x000001887aa65c10 JavaThread "Unconstrained build operations Thread 20" [_thread_blocked, id=17836, stack(0x0000006454200000,0x0000006454300000)]
  0x000001887aa695d0 JavaThread "Unconstrained build operations Thread 21" [_thread_blocked, id=13296, stack(0x0000006454300000,0x0000006454400000)]
  0x000001887aa6a440 JavaThread "Unconstrained build operations Thread 22" [_thread_blocked, id=13116, stack(0x0000006454400000,0x0000006454500000)]
  0x000001887aa68c30 JavaThread "Unconstrained build operations Thread 23" [_thread_blocked, id=17272, stack(0x0000006454500000,0x0000006454600000)]
  0x000001887aa6b2b0 JavaThread "Unconstrained build operations Thread 24" [_thread_blocked, id=1328, stack(0x0000006454600000,0x0000006454700000)]
  0x000001887aa6cf90 JavaThread "Unconstrained build operations Thread 25" [_thread_blocked, id=14488, stack(0x0000006454700000,0x0000006454800000)]
  0x000001887aa65740 JavaThread "Unconstrained build operations Thread 26" [_thread_blocked, id=12092, stack(0x0000006454800000,0x0000006454900000)]
  0x000001887aa6c5f0 JavaThread "Unconstrained build operations Thread 27" [_thread_blocked, id=2748, stack(0x0000006454900000,0x0000006454a00000)]
  0x000001887aa678f0 JavaThread "Unconstrained build operations Thread 28" [_thread_blocked, id=17232, stack(0x0000006454a00000,0x0000006454b00000)]
  0x000001887aa67dc0 JavaThread "Unconstrained build operations Thread 29" [_thread_blocked, id=10800, stack(0x0000006454b00000,0x0000006454c00000)]
  0x000001887aa6c120 JavaThread "Unconstrained build operations Thread 30" [_thread_blocked, id=15580, stack(0x0000006454c00000,0x0000006454d00000)]
  0x000001887aa660e0 JavaThread "Unconstrained build operations Thread 31" [_thread_blocked, id=1252, stack(0x0000006454d00000,0x0000006454e00000)]
  0x000001887aa69100 JavaThread "Unconstrained build operations Thread 32" [_thread_blocked, id=7452, stack(0x0000006454e00000,0x0000006454f00000)]
  0x000001887aa69aa0 JavaThread "Unconstrained build operations Thread 33" [_thread_blocked, id=4992, stack(0x0000006454f00000,0x0000006455000000)]
  0x000001887aa69f70 JavaThread "Unconstrained build operations Thread 34" [_thread_blocked, id=16828, stack(0x0000006455000000,0x0000006455100000)]
  0x000001887aa6a910 JavaThread "Unconstrained build operations Thread 35" [_thread_blocked, id=11188, stack(0x0000006455100000,0x0000006455200000)]
  0x000001887aa665b0 JavaThread "Unconstrained build operations Thread 36" [_thread_blocked, id=11164, stack(0x0000006455200000,0x0000006455300000)]
  0x000001887aa6ade0 JavaThread "Unconstrained build operations Thread 37" [_thread_blocked, id=5528, stack(0x0000006455300000,0x0000006455400000)]
  0x000001887c411af0 JavaThread "Unconstrained build operations Thread 38" [_thread_blocked, id=11248, stack(0x0000006455400000,0x0000006455500000)]
  0x000001887c416320 JavaThread "Unconstrained build operations Thread 39" [_thread_blocked, id=7352, stack(0x0000006455500000,0x0000006455600000)]
  0x000001887c415e50 JavaThread "Unconstrained build operations Thread 40" [_thread_blocked, id=1520, stack(0x0000006455600000,0x0000006455700000)]

Other Threads:
=>0x0000018879be7580 VMThread "VM Thread" [stack: 0x0000006450200000,0x0000006450300000] [id=12592]
  0x000001887a8964d0 WatcherThread [stack: 0x0000006450e00000,0x0000006450f00000] [id=17236]
  0x000001885c370f40 GCTaskThread "GC Thread#0" [stack: 0x000000644fd00000,0x000000644fe00000] [id=14596]
  0x000001887a9ff550 GCTaskThread "GC Thread#1" [stack: 0x0000006450f00000,0x0000006451000000] [id=7280]
  0x000001887b00ed90 GCTaskThread "GC Thread#2" [stack: 0x0000006451000000,0x0000006451100000] [id=13796]
  0x000001887aa64fb0 GCTaskThread "GC Thread#3" [stack: 0x0000006451100000,0x0000006451200000] [id=1200]
  0x000001885c381e80 ConcurrentGCThread "G1 Main Marker" [stack: 0x000000644fe00000,0x000000644ff00000] [id=6536]
  0x000001885c382890 ConcurrentGCThread "G1 Conc#0" [stack: 0x000000644ff00000,0x0000006450000000] [id=13872]
  0x000001885c3ceca0 ConcurrentGCThread "G1 Refine#0" [stack: 0x0000006450000000,0x0000006450100000] [id=5348]
  0x000001887be81ac0 ConcurrentGCThread "G1 Refine#1" [stack: 0x0000006451c00000,0x0000006451d00000] [id=7384]
  0x000001885c3d06d0 ConcurrentGCThread "G1 Service" [stack: 0x0000006450100000,0x0000006450200000] [id=9780]

Threads with active compile tasks:
C2 CompilerThread0    53851 5867       4       jdk.internal.org.objectweb.asm.MethodWriter::visitVarInsn (302 bytes)

VM state: at safepoint (normal execution)

VM Mutex/Monitor currently owned by a thread:  ([mutex/lock_event])
[0x000001885c312160] Threads_lock - owner thread: 0x0000018879be7580
[0x000001885c311ce0] Heap_lock - owner thread: 0x000001885c381e80

Heap address: 0x0000000080000000, size: 2048 MB, Compressed Oops mode: 32-bit

CDS archive(s) mapped at: [0x0000000800000000-0x0000000800bc0000-0x0000000800bc0000), size 12320768, SharedBaseAddress: 0x0000000800000000, ArchiveRelocationMode: 0.
Compressed class space mapped at: 0x0000000800c00000-0x0000000840c00000, reserved size: 1073741824
Narrow klass base: 0x0000000800000000, Narrow klass shift: 0, Narrow klass range: 0x100000000

GC Precious Log:
 CPUs: 4 total, 4 available
 Memory: 3993M
 Large Page Support: Disabled
 NUMA Support: Disabled
 Compressed Oops: Enabled (32-bit)
 Heap Region Size: 1M
 Heap Min Capacity: 8M
 Heap Initial Capacity: 64M
 Heap Max Capacity: 2G
 Pre-touch: Disabled
 Parallel Workers: 4
 Concurrent Workers: 1
 Concurrent Refinement Workers: 4
 Periodic GC: Disabled

Heap:
 garbage-first heap   total 75776K, used 49356K [0x0000000080000000, 0x0000000100000000)
  region size 1024K, 2 young (2048K), 1 survivors (1024K)
 Metaspace       used 40045K, committed 40448K, reserved 1089536K
  class space    used 5445K, committed 5632K, reserved 1048576K

Heap Regions: E=young(eden), S=young(survivor), O=old, HS=humongous(starts), HC=humongous(continues), CS=collection set, F=free, OA=open archive, CA=closed archive, TAMS=top-at-mark-start (previous, next)
|   0|0x0000000080000000, 0x0000000080100000, 0x0000000080100000|100%|HS|  |TAMS 0x0000000080100000, 0x0000000080000000| Complete 
|   1|0x0000000080100000, 0x0000000080200000, 0x0000000080200000|100%|HC|  |TAMS 0x0000000080200000, 0x0000000080100000| Complete 
|   2|0x0000000080200000, 0x0000000080300000, 0x0000000080300000|100%|HC|  |TAMS 0x0000000080300000, 0x0000000080200000| Complete 
|   3|0x0000000080300000, 0x0000000080400000, 0x0000000080400000|100%| O|  |TAMS 0x0000000080400000, 0x0000000080300000| Untracked 
|   4|0x0000000080400000, 0x0000000080500000, 0x0000000080500000|100%| O|  |TAMS 0x0000000080500000, 0x0000000080400000| Updating 
|   5|0x0000000080500000, 0x0000000080600000, 0x0000000080600000|100%| O|  |TAMS 0x0000000080600000, 0x0000000080500000| Untracked 
|   6|0x0000000080600000, 0x0000000080700000, 0x0000000080700000|100%| O|  |TAMS 0x0000000080700000, 0x0000000080600000| Untracked 
|   7|0x0000000080700000, 0x0000000080800000, 0x0000000080800000|100%| O|  |TAMS 0x0000000080800000, 0x0000000080700000| Untracked 
|   8|0x0000000080800000, 0x0000000080900000, 0x0000000080900000|100%| O|  |TAMS 0x0000000080900000, 0x0000000080800000| Untracked 
|   9|0x0000000080900000, 0x0000000080a00000, 0x0000000080a00000|100%| O|  |TAMS 0x0000000080a00000, 0x0000000080900000| Untracked 
|  10|0x0000000080a00000, 0x0000000080b00000, 0x0000000080b00000|100%| O|  |TAMS 0x0000000080b00000, 0x0000000080a00000| Updating 
|  11|0x0000000080b00000, 0x0000000080c00000, 0x0000000080c00000|100%| O|  |TAMS 0x0000000080c00000, 0x0000000080b00000| Updating 
|  12|0x0000000080c00000, 0x0000000080d00000, 0x0000000080d00000|100%| O|  |TAMS 0x0000000080d00000, 0x0000000080c00000| Untracked 
|  13|0x0000000080d00000, 0x0000000080e00000, 0x0000000080e00000|100%| O|  |TAMS 0x0000000080e00000, 0x0000000080d00000| Untracked 
|  14|0x0000000080e00000, 0x0000000080f00000, 0x0000000080f00000|100%| O|  |TAMS 0x0000000080f00000, 0x0000000080e00000| Untracked 
|  15|0x0000000080f00000, 0x0000000081000000, 0x0000000081000000|100%| O|  |TAMS 0x0000000081000000, 0x0000000080f00000| Untracked 
|  16|0x0000000081000000, 0x0000000081100000, 0x0000000081100000|100%| O|  |TAMS 0x0000000081100000, 0x0000000081000000| Updating 
|  17|0x0000000081100000, 0x0000000081200000, 0x0000000081200000|100%|HS|  |TAMS 0x0000000081200000, 0x0000000081100000| Complete 
|  18|0x0000000081200000, 0x0000000081300000, 0x0000000081300000|100%|HC|  |TAMS 0x0000000081300000, 0x0000000081200000| Complete 
|  19|0x0000000081300000, 0x0000000081400000, 0x0000000081400000|100%|HS|  |TAMS 0x0000000081400000, 0x0000000081300000| Complete 
|  20|0x0000000081400000, 0x0000000081500000, 0x0000000081500000|100%|HC|  |TAMS 0x0000000081500000, 0x0000000081400000| Complete 
|  21|0x0000000081500000, 0x0000000081600000, 0x0000000081600000|100%|HC|  |TAMS 0x0000000081600000, 0x0000000081500000| Complete 
|  22|0x0000000081600000, 0x0000000081700000, 0x0000000081700000|100%| O|  |TAMS 0x0000000081700000, 0x0000000081600000| Untracked 
|  23|0x0000000081700000, 0x0000000081800000, 0x0000000081800000|100%| O|  |TAMS 0x0000000081800000, 0x0000000081700000| Untracked 
|  24|0x0000000081800000, 0x0000000081900000, 0x0000000081900000|100%| O|  |TAMS 0x0000000081900000, 0x0000000081800000| Untracked 
|  25|0x0000000081900000, 0x0000000081a00000, 0x0000000081a00000|100%| O|  |TAMS 0x0000000081a00000, 0x0000000081900000| Updating 
|  26|0x0000000081a00000, 0x0000000081b00000, 0x0000000081b00000|100%| O|  |TAMS 0x0000000081b00000, 0x0000000081a00000| Updating 
|  27|0x0000000081b00000, 0x0000000081c00000, 0x0000000081c00000|100%| O|  |TAMS 0x0000000081c00000, 0x0000000081b00000| Updating 
|  28|0x0000000081c00000, 0x0000000081d00000, 0x0000000081d00000|100%| O|  |TAMS 0x0000000081d00000, 0x0000000081c00000| Untracked 
|  29|0x0000000081d00000, 0x0000000081e00000, 0x0000000081e00000|100%| O|  |TAMS 0x0000000081e00000, 0x0000000081d00000| Untracked 
|  30|0x0000000081e00000, 0x0000000081f00000, 0x0000000081f00000|100%| O|  |TAMS 0x0000000081f00000, 0x0000000081e00000| Untracked 
|  31|0x0000000081f00000, 0x0000000082000000, 0x0000000082000000|100%| O|  |TAMS 0x0000000082000000, 0x0000000081f00000| Updating 
|  32|0x0000000082000000, 0x0000000082100000, 0x0000000082100000|100%| O|  |TAMS 0x0000000082100000, 0x0000000082000000| Untracked 
|  33|0x0000000082100000, 0x0000000082200000, 0x0000000082200000|100%| O|  |TAMS 0x0000000082200000, 0x0000000082100000| Untracked 
|  34|0x0000000082200000, 0x0000000082300000, 0x0000000082300000|100%| O|  |TAMS 0x0000000082300000, 0x0000000082200000| Updating 
|  35|0x0000000082300000, 0x0000000082400000, 0x0000000082400000|100%| O|  |TAMS 0x0000000082400000, 0x0000000082300000| Updating 
|  36|0x0000000082400000, 0x0000000082500000, 0x0000000082500000|100%| O|  |TAMS 0x0000000082500000, 0x0000000082400000| Untracked 
|  37|0x0000000082500000, 0x0000000082600000, 0x0000000082600000|100%| O|  |TAMS 0x0000000082600000, 0x0000000082500000| Untracked 
|  38|0x0000000082600000, 0x0000000082700000, 0x0000000082700000|100%| O|  |TAMS 0x0000000082700000, 0x0000000082600000| Untracked 
|  39|0x0000000082700000, 0x0000000082800000, 0x0000000082800000|100%| O|  |TAMS 0x0000000082800000, 0x0000000082700000| Updating 
|  40|0x0000000082800000, 0x0000000082900000, 0x0000000082900000|100%| O|  |TAMS 0x0000000082900000, 0x0000000082800000| Updating 
|  41|0x0000000082900000, 0x0000000082a00000, 0x0000000082a00000|100%| O|  |TAMS 0x0000000082a00000, 0x0000000082900000| Untracked 
|  42|0x0000000082a00000, 0x0000000082b00000, 0x0000000082b00000|100%| O|  |TAMS 0x0000000082b00000, 0x0000000082a00000| Updating 
|  43|0x0000000082b00000, 0x0000000082c00000, 0x0000000082c00000|100%| O|  |TAMS 0x0000000082b82800, 0x0000000082b00000| Updating 
|  44|0x0000000082c00000, 0x0000000082d00000, 0x0000000082d00000|100%| O|  |TAMS 0x0000000082c00000, 0x0000000082c00000| Untracked 
|  45|0x0000000082d00000, 0x0000000082da0800, 0x0000000082e00000| 62%| O|  |TAMS 0x0000000082d00000, 0x0000000082d00000| Updating 
|  46|0x0000000082e00000, 0x0000000082f00000, 0x0000000082f00000|100%|HS|  |TAMS 0x0000000082e00000, 0x0000000082e00000| Complete 
|  47|0x0000000082f00000, 0x0000000083000000, 0x0000000083000000|100%|HS|  |TAMS 0x0000000082f00000, 0x0000000082f00000| Complete 
|  48|0x0000000083000000, 0x0000000083000000, 0x0000000083100000|  0%| F|  |TAMS 0x0000000083000000, 0x0000000083000000| Untracked 
|  49|0x0000000083100000, 0x0000000083100000, 0x0000000083200000|  0%| F|  |TAMS 0x0000000083100000, 0x0000000083100000| Untracked 
|  50|0x0000000083200000, 0x0000000083200000, 0x0000000083300000|  0%| F|  |TAMS 0x0000000083200000, 0x0000000083200000| Untracked 
|  51|0x0000000083300000, 0x0000000083300000, 0x0000000083400000|  0%| F|  |TAMS 0x0000000083300000, 0x0000000083300000| Untracked 
|  52|0x0000000083400000, 0x0000000083400000, 0x0000000083500000|  0%| F|  |TAMS 0x0000000083400000, 0x0000000083400000| Untracked 
|  53|0x0000000083500000, 0x0000000083500000, 0x0000000083600000|  0%| F|  |TAMS 0x0000000083500000, 0x0000000083500000| Untracked 
|  54|0x0000000083600000, 0x0000000083600000, 0x0000000083700000|  0%| F|  |TAMS 0x0000000083600000, 0x0000000083600000| Untracked 
|  55|0x0000000083700000, 0x0000000083700000, 0x0000000083800000|  0%| F|  |TAMS 0x0000000083700000, 0x0000000083700000| Untracked 
|  56|0x0000000083800000, 0x0000000083800000, 0x0000000083900000|  0%| F|  |TAMS 0x0000000083800000, 0x0000000083800000| Untracked 
|  57|0x0000000083900000, 0x0000000083900000, 0x0000000083a00000|  0%| F|  |TAMS 0x0000000083900000, 0x0000000083900000| Untracked 
|  58|0x0000000083a00000, 0x0000000083a00000, 0x0000000083b00000|  0%| F|  |TAMS 0x0000000083a00000, 0x0000000083a00000| Untracked 
|  59|0x0000000083b00000, 0x0000000083b00000, 0x0000000083c00000|  0%| F|  |TAMS 0x0000000083b00000, 0x0000000083b00000| Untracked 
|  60|0x0000000083c00000, 0x0000000083c00000, 0x0000000083d00000|  0%| F|  |TAMS 0x0000000083c00000, 0x0000000083c00000| Untracked 
|  61|0x0000000083d00000, 0x0000000083d00000, 0x0000000083e00000|  0%| F|  |TAMS 0x0000000083d00000, 0x0000000083d00000| Untracked 
|  62|0x0000000083e00000, 0x0000000083e00000, 0x0000000083f00000|  0%| F|  |TAMS 0x0000000083e00000, 0x0000000083e00000| Untracked 
|  63|0x0000000083f00000, 0x0000000083f00000, 0x0000000084000000|  0%| F|  |TAMS 0x0000000083f00000, 0x0000000083f00000| Untracked 
|  64|0x0000000084000000, 0x0000000084000000, 0x0000000084100000|  0%| F|  |TAMS 0x0000000084000000, 0x0000000084000000| Untracked 
|  65|0x0000000084100000, 0x0000000084100000, 0x0000000084200000|  0%| F|  |TAMS 0x0000000084100000, 0x0000000084100000| Untracked 
|  66|0x0000000084200000, 0x0000000084200000, 0x0000000084300000|  0%| F|  |TAMS 0x0000000084200000, 0x0000000084200000| Untracked 
|  67|0x0000000084300000, 0x0000000084300000, 0x0000000084400000|  0%| F|  |TAMS 0x0000000084300000, 0x0000000084300000| Untracked 
|  68|0x0000000084400000, 0x0000000084400000, 0x0000000084500000|  0%| F|  |TAMS 0x0000000084400000, 0x0000000084400000| Untracked 
|  69|0x0000000084500000, 0x0000000084500000, 0x0000000084600000|  0%| F|  |TAMS 0x0000000084500000, 0x0000000084500000| Untracked 
|  70|0x0000000084600000, 0x00000000846928b0, 0x0000000084700000| 57%| S|CS|TAMS 0x0000000084600000, 0x0000000084600000| Complete 
|  71|0x0000000084700000, 0x0000000084700000, 0x0000000084800000|  0%| F|  |TAMS 0x0000000084700000, 0x0000000084700000| Untracked 
|  72|0x0000000084800000, 0x0000000084800000, 0x0000000084900000|  0%| F|  |TAMS 0x0000000084800000, 0x0000000084800000| Untracked 
|  73|0x0000000084900000, 0x00000000849745c8, 0x0000000084a00000| 45%| E|  |TAMS 0x0000000084900000, 0x0000000084900000| Complete 

Card table byte_map: [0x0000018872f90000,0x0000018873390000] _byte_map_base: 0x0000018872b90000

Marking Bits (Prev, Next): (CMBitMap*) 0x000001885c371590, (CMBitMap*) 0x000001885c371550
 Prev Bits: [0x0000018875790000, 0x0000018877790000)
 Next Bits: [0x0000018873790000, 0x0000018875790000)

Polling page: 0x000001885a0f0000

Metaspace:

Usage:
  Non-class:     33.79 MB used.
      Class:      5.32 MB used.
       Both:     39.11 MB used.

Virtual space:
  Non-class space:       40.00 MB reserved,      34.00 MB ( 85%) committed,  5 nodes.
      Class space:        1.00 GB reserved,       5.50 MB ( <1%) committed,  1 nodes.
             Both:        1.04 GB reserved,      39.50 MB (  4%) committed. 

Chunk freelists:
   Non-Class:  1.94 MB
       Class:  2.35 MB
        Both:  4.29 MB

MaxMetaspaceSize: unlimited
CompressedClassSpaceSize: 1.00 GB
Initial GC threshold: 21.00 MB
Current GC threshold: 65.31 MB
CDS: on
MetaspaceReclaimPolicy: balanced
 - commit_granule_bytes: 65536.
 - commit_granule_words: 8192.
 - virtual_space_node_default_size: 1048576.
 - enlarge_chunks_in_place: 1.
 - new_chunks_are_fully_committed: 0.
 - uncommit_free_chunks: 1.
 - use_allocation_guard: 0.
 - handle_deallocations: 1.


Internal statistics:

num_allocs_failed_limit: 3.
num_arena_births: 416.
num_arena_deaths: 0.
num_vsnodes_births: 6.
num_vsnodes_deaths: 0.
num_space_committed: 632.
num_space_uncommitted: 0.
num_chunks_returned_to_freelist: 3.
num_chunks_taken_from_freelist: 1917.
num_chunk_merges: 3.
num_chunk_splits: 1275.
num_chunks_enlarged: 894.
num_purges: 0.
num_inconsistent_stats: 0.

CodeHeap 'non-profiled nmethods': size=120000Kb used=3163Kb max_used=3163Kb free=116836Kb
 bounds [0x000001886b660000, 0x000001886b980000, 0x0000018872b90000]
CodeHeap 'profiled nmethods': size=120000Kb used=11648Kb max_used=11648Kb free=108351Kb
 bounds [0x0000018864130000, 0x0000018864ca0000, 0x000001886b660000]
CodeHeap 'non-nmethods': size=5760Kb used=2301Kb max_used=2329Kb free=3458Kb
 bounds [0x0000018863b90000, 0x0000018863e00000, 0x0000018864130000]
 total_blobs=6648 nmethods=5834 adapters=726
 compilation: enabled
              stopped_count=0, restarted_count=0
 full_count=0

Compilation events (20 events):
Event: 53.508 Thread 0x0000018879c044a0 5858       3       groovy.lang.MetaClassImpl$Index::put (10 bytes)
Event: 53.508 Thread 0x0000018879c044a0 nmethod 5858 0x0000018864c8cd90 code [0x0000018864c8cf40, 0x0000018864c8d168]
Event: 53.508 Thread 0x0000018879c03a00 nmethod 5857 0x000001886b975790 code [0x000001886b975900, 0x000001886b975998]
Event: 53.512 Thread 0x0000018879c044a0 5859       3       com.google.common.base.CharMatcher$Or::matches (28 bytes)
Event: 53.513 Thread 0x0000018879c044a0 nmethod 5859 0x0000018864c8d290 code [0x0000018864c8d440, 0x0000018864c8d798]
Event: 53.513 Thread 0x0000018879c044a0 5860       3       com.google.common.base.CharMatcher$InRange::matches (22 bytes)
Event: 53.515 Thread 0x0000018879c044a0 nmethod 5860 0x0000018864c8d890 code [0x0000018864c8da20, 0x0000018864c8dbd8]
Event: 53.517 Thread 0x0000018879c044a0 5861       3       sun.nio.fs.WindowsFileAttributeViews$Basic::readAttributes (5 bytes)
Event: 53.519 Thread 0x0000018879c044a0 nmethod 5861 0x0000018864c8dc90 code [0x0000018864c8de80, 0x0000018864c8e428]
Event: 53.519 Thread 0x0000018879c044a0 5862   !   3       sun.nio.fs.WindowsFileAttributeViews$Basic::readAttributes (30 bytes)
Event: 53.520 Thread 0x0000018879c044a0 nmethod 5862 0x0000018864c8e610 code [0x0000018864c8e800, 0x0000018864c8ed48]
Event: 53.522 Thread 0x0000018879c044a0 5863       3       sun.nio.fs.WindowsFileSystemProvider::readAttributes (63 bytes)
Event: 53.522 Thread 0x0000018879c044a0 nmethod 5863 0x0000018864c8ef10 code [0x0000018864c8f100, 0x0000018864c8f6b8]
Event: 53.611 Thread 0x0000018879c03a00 5864       4       jdk.internal.loader.URLClassPath$JarLoader::findResource (18 bytes)
Event: 53.624 Thread 0x0000018879c044a0 5865       3       java.util.concurrent.ConcurrentHashMap$Traverser::<init> (36 bytes)
Event: 53.624 Thread 0x0000018879c044a0 nmethod 5865 0x0000018864c8f890 code [0x0000018864c8fa20, 0x0000018864c8fc18]
Event: 53.625 Thread 0x0000018879c044a0 5866       3       java.util.concurrent.ConcurrentHashMap$BaseIterator::<init> (21 bytes)
Event: 53.626 Thread 0x0000018879c044a0 nmethod 5866 0x0000018864c8fd10 code [0x0000018864c8fec0, 0x0000018864c90098]
Event: 53.637 Thread 0x0000018879c03a00 nmethod 5864 0x000001886b975a90 code [0x000001886b975d40, 0x000001886b976778]
Event: 53.641 Thread 0x0000018879c03a00 5867       4       jdk.internal.org.objectweb.asm.MethodWriter::visitVarInsn (302 bytes)

GC Heap History (20 events):
Event: 34.264 GC heap before
{Heap before GC invocations=13 (full 0):
 garbage-first heap   total 65536K, used 51269K [0x0000000080000000, 0x0000000100000000)
  region size 1024K, 17 young (17408K), 2 survivors (2048K)
 Metaspace       used 33326K, committed 33664K, reserved 1081344K
  class space    used 4591K, committed 4736K, reserved 1048576K
}
Event: 34.280 GC heap after
{Heap after GC invocations=14 (full 0):
 garbage-first heap   total 65536K, used 37240K [0x0000000080000000, 0x0000000100000000)
  region size 1024K, 2 young (2048K), 2 survivors (2048K)
 Metaspace       used 33326K, committed 33664K, reserved 1081344K
  class space    used 4591K, committed 4736K, reserved 1048576K
}
Event: 38.005 GC heap before
{Heap before GC invocations=15 (full 0):
 garbage-first heap   total 65536K, used 45432K [0x0000000080000000, 0x0000000100000000)
  region size 1024K, 11 young (11264K), 2 survivors (2048K)
 Metaspace       used 34503K, committed 34880K, reserved 1081344K
  class space    used 4773K, committed 4928K, reserved 1048576K
}
Event: 38.021 GC heap after
{Heap after GC invocations=16 (full 0):
 garbage-first heap   total 65536K, used 38140K [0x0000000080000000, 0x0000000100000000)
  region size 1024K, 1 young (1024K), 1 survivors (1024K)
 Metaspace       used 34503K, committed 34880K, reserved 1081344K
  class space    used 4773K, committed 4928K, reserved 1048576K
}
Event: 40.147 GC heap before
{Heap before GC invocations=17 (full 0):
 garbage-first heap   total 68608K, used 53500K [0x0000000080000000, 0x0000000100000000)
  region size 1024K, 15 young (15360K), 1 survivors (1024K)
 Metaspace       used 35938K, committed 36288K, reserved 1081344K
  class space    used 4901K, committed 5056K, reserved 1048576K
}
Event: 40.152 GC heap after
{Heap after GC invocations=18 (full 0):
 garbage-first heap   total 68608K, used 38552K [0x0000000080000000, 0x0000000100000000)
  region size 1024K, 2 young (2048K), 2 survivors (2048K)
 Metaspace       used 35938K, committed 36288K, reserved 1081344K
  class space    used 4901K, committed 5056K, reserved 1048576K
}
Event: 40.157 GC heap before
{Heap before GC invocations=18 (full 0):
 garbage-first heap   total 68608K, used 39576K [0x0000000080000000, 0x0000000100000000)
  region size 1024K, 3 young (3072K), 2 survivors (2048K)
 Metaspace       used 35938K, committed 36288K, reserved 1081344K
  class space    used 4901K, committed 5056K, reserved 1048576K
}
Event: 40.163 GC heap after
{Heap after GC invocations=19 (full 0):
 garbage-first heap   total 68608K, used 38220K [0x0000000080000000, 0x0000000100000000)
  region size 1024K, 1 young (1024K), 1 survivors (1024K)
 Metaspace       used 35938K, committed 36288K, reserved 1081344K
  class space    used 4901K, committed 5056K, reserved 1048576K
}
Event: 41.202 GC heap before
{Heap before GC invocations=19 (full 0):
 garbage-first heap   total 68608K, used 54604K [0x0000000080000000, 0x0000000100000000)
  region size 1024K, 17 young (17408K), 1 survivors (1024K)
 Metaspace       used 37777K, committed 38144K, reserved 1089536K
  class space    used 5180K, committed 5312K, reserved 1048576K
}
Event: 41.206 GC heap after
{Heap after GC invocations=20 (full 0):
 garbage-first heap   total 68608K, used 38927K [0x0000000080000000, 0x0000000100000000)
  region size 1024K, 1 young (1024K), 1 survivors (1024K)
 Metaspace       used 37777K, committed 38144K, reserved 1089536K
  class space    used 5180K, committed 5312K, reserved 1048576K
}
Event: 45.017 GC heap before
{Heap before GC invocations=21 (full 0):
 garbage-first heap   total 68608K, used 55311K [0x0000000080000000, 0x0000000100000000)
  region size 1024K, 17 young (17408K), 1 survivors (1024K)
 Metaspace       used 39179K, committed 39552K, reserved 1089536K
  class space    used 5358K, committed 5504K, reserved 1048576K
}
Event: 45.024 GC heap after
{Heap after GC invocations=22 (full 0):
 garbage-first heap   total 68608K, used 40754K [0x0000000080000000, 0x0000000100000000)
  region size 1024K, 3 young (3072K), 3 survivors (3072K)
 Metaspace       used 39179K, committed 39552K, reserved 1089536K
  class space    used 5358K, committed 5504K, reserved 1048576K
}
Event: 45.229 GC heap before
{Heap before GC invocations=22 (full 0):
 garbage-first heap   total 68608K, used 41778K [0x0000000080000000, 0x0000000100000000)
  region size 1024K, 4 young (4096K), 3 survivors (3072K)
 Metaspace       used 39216K, committed 39616K, reserved 1089536K
  class space    used 5358K, committed 5504K, reserved 1048576K
}
Event: 45.251 GC heap after
{Heap after GC invocations=23 (full 0):
 garbage-first heap   total 68608K, used 40782K [0x0000000080000000, 0x0000000100000000)
  region size 1024K, 1 young (1024K), 1 survivors (1024K)
 Metaspace       used 39216K, committed 39616K, reserved 1089536K
  class space    used 5358K, committed 5504K, reserved 1048576K
}
Event: 49.101 GC heap before
{Heap before GC invocations=23 (full 0):
 garbage-first heap   total 68608K, used 54094K [0x0000000080000000, 0x0000000100000000)
  region size 1024K, 15 young (15360K), 1 survivors (1024K)
 Metaspace       used 39750K, committed 40128K, reserved 1089536K
  class space    used 5416K, committed 5568K, reserved 1048576K
}
Event: 49.107 GC heap after
{Heap after GC invocations=24 (full 0):
 garbage-first heap   total 68608K, used 43347K [0x0000000080000000, 0x0000000100000000)
  region size 1024K, 2 young (2048K), 2 survivors (2048K)
 Metaspace       used 39750K, committed 40128K, reserved 1089536K
  class space    used 5416K, committed 5568K, reserved 1048576K
}
Event: 52.825 GC heap before
{Heap before GC invocations=25 (full 0):
 garbage-first heap   total 75776K, used 54611K [0x0000000080000000, 0x0000000100000000)
  region size 1024K, 13 young (13312K), 2 survivors (2048K)
 Metaspace       used 39955K, committed 40384K, reserved 1089536K
  class space    used 5431K, committed 5632K, reserved 1048576K
}
Event: 52.855 GC heap after
{Heap after GC invocations=26 (full 0):
 garbage-first heap   total 75776K, used 46602K [0x0000000080000000, 0x0000000100000000)
  region size 1024K, 2 young (2048K), 2 survivors (2048K)
 Metaspace       used 39955K, committed 40384K, reserved 1089536K
  class space    used 5431K, committed 5632K, reserved 1048576K
}
Event: 53.536 GC heap before
{Heap before GC invocations=26 (full 0):
 garbage-first heap   total 75776K, used 48650K [0x0000000080000000, 0x0000000100000000)
  region size 1024K, 5 young (5120K), 2 survivors (2048K)
 Metaspace       used 40036K, committed 40448K, reserved 1089536K
  class space    used 5443K, committed 5632K, reserved 1048576K
}
Event: 53.547 GC heap after
{Heap after GC invocations=27 (full 0):
 garbage-first heap   total 75776K, used 47308K [0x0000000080000000, 0x0000000100000000)
  region size 1024K, 1 young (1024K), 1 survivors (1024K)
 Metaspace       used 40036K, committed 40448K, reserved 1089536K
  class space    used 5443K, committed 5632K, reserved 1048576K
}

Deoptimization events (20 events):
Event: 47.350 Thread 0x000001887d457f90 DEOPT PACKING pc=0x000001886451ee5c sp=0x0000006452ffdc60
Event: 47.350 Thread 0x000001887d457f90 DEOPT UNPACKING pc=0x0000018863be2b43 sp=0x0000006452ffd1e0 mode 0
Event: 47.492 Thread 0x000001887c416320 DEOPT PACKING pc=0x000001886451ee5c sp=0x00000064555fdd60
Event: 47.492 Thread 0x000001887c416320 DEOPT UNPACKING pc=0x0000018863be2b43 sp=0x00000064555fd2e0 mode 0
Event: 49.329 Thread 0x000001887b6c6be0 DEOPT PACKING pc=0x0000018864a074c3 sp=0x0000006451ffe320
Event: 49.329 Thread 0x000001887b6c6be0 DEOPT UNPACKING pc=0x0000018863be2b43 sp=0x0000006451ffd7a8 mode 0
Event: 50.673 Thread 0x000001887b6c6be0 DEOPT PACKING pc=0x0000018864bdf0b8 sp=0x0000006451ffdf60
Event: 50.673 Thread 0x000001887b6c6be0 DEOPT UNPACKING pc=0x0000018863be2b43 sp=0x0000006451ffd420 mode 0
Event: 52.387 Thread 0x000001887b6c6be0 DEOPT PACKING pc=0x0000018864bdf0b8 sp=0x0000006451ffe010
Event: 52.387 Thread 0x000001887b6c6be0 DEOPT UNPACKING pc=0x0000018863be2b43 sp=0x0000006451ffd4d0 mode 0
Event: 53.077 Thread 0x000001887b849070 DEOPT PACKING pc=0x00000188649e50d9 sp=0x00000064518f8e60
Event: 53.077 Thread 0x000001887b849070 DEOPT UNPACKING pc=0x0000018863be2b43 sp=0x00000064518f8358 mode 0
Event: 53.101 Thread 0x000001887b849070 DEOPT PACKING pc=0x00000188641c01c3 sp=0x00000064518f8ee0
Event: 53.175 Thread 0x000001887b849070 DEOPT UNPACKING pc=0x0000018863be2b43 sp=0x00000064518f8418 mode 0
Event: 53.211 Thread 0x000001887b849070 DEOPT PACKING pc=0x00000188649e50d9 sp=0x00000064518f8e60
Event: 53.211 Thread 0x000001887b849070 DEOPT UNPACKING pc=0x0000018863be2b43 sp=0x00000064518f8358 mode 0
Event: 53.635 Thread 0x000001887b849070 Uncommon trap: trap_request=0xffffff45 fr.pc=0x000001886b6b8428 relative=0x0000000000000668
Event: 53.635 Thread 0x000001887b849070 Uncommon trap: reason=unstable_if action=reinterpret pc=0x000001886b6b8428 method=java.util.jar.Manifest$FastInputStream.readLine([BII)I @ 130 c2
Event: 53.635 Thread 0x000001887b849070 DEOPT PACKING pc=0x000001886b6b8428 sp=0x00000064518f8820
Event: 53.635 Thread 0x000001887b849070 DEOPT UNPACKING pc=0x0000018863be23a3 sp=0x00000064518f87b0 mode 2

Classes unloaded (0 events):
No events

Classes redefined (0 events):
No events

Internal exceptions (20 events):
Event: 40.865 Thread 0x000001887b849070 Exception <a 'java/lang/NoSuchMethodError'{0x00000000834293e8}: 'int java.lang.invoke.DirectMethodHandle$Holder.invokeInterface(java.lang.Object, java.lang.Object)'> (0x00000000834293e8) 
thrown [t:\workspace\open\src\hotspot\share\interpreter\linkResolver.cpp, line 766]
Event: 40.865 Thread 0x000001887b849070 Exception <a 'java/lang/IncompatibleClassChangeError'{0x000000008342d6c0}: Found class java.lang.Object, but interface was expected> (0x000000008342d6c0) 
thrown [t:\workspace\open\src\hotspot\share\interpreter\linkResolver.cpp, line 833]
Event: 40.866 Thread 0x000001887b849070 Exception <a 'java/lang/NoSuchMethodError'{0x00000000834350f0}: 'int java.lang.invoke.DirectMethodHandle$Holder.invokeSpecialIFC(java.lang.Object, java.lang.Object, java.lang.Object, java.lang.Object, java.lang.Object)'> (0x00000000834350f0) 
thrown [t:\workspace\open\src\hotspot\share\interpreter\linkResolver.cpp, line 766]
Event: 41.370 Thread 0x000001887b849070 Exception <a 'java/lang/NoSuchMethodError'{0x00000000841ad050}: 'int java.lang.invoke.DirectMethodHandle$Holder.invokeStatic(java.lang.Object)'> (0x00000000841ad050) 
thrown [t:\workspace\open\src\hotspot\share\interpreter\linkResolver.cpp, line 766]
Event: 41.371 Thread 0x000001887b849070 Exception <a 'java/lang/NoSuchMethodError'{0x00000000841b1440}: 'int java.lang.invoke.DirectMethodHandle$Holder.invokeStaticInit(java.lang.Object)'> (0x00000000841b1440) 
thrown [t:\workspace\open\src\hotspot\share\interpreter\linkResolver.cpp, line 766]
Event: 41.629 Thread 0x000001887b849070 Exception <a 'java/lang/NoSuchMethodError'{0x0000000083f40368}: 'void java.lang.invoke.DirectMethodHandle$Holder.invokeStatic(java.lang.Object, java.lang.Object, java.lang.Object, int, java.lang.Object)'> (0x0000000083f40368) 
thrown [t:\workspace\open\src\hotspot\share\interpreter\linkResolver.cpp, line 766]
Event: 41.936 Thread 0x000001887b849070 Exception <a 'java/lang/NoSuchMethodError'{0x0000000083dc6a50}: 'java.lang.Object java.lang.invoke.DelegatingMethodHandle$Holder.reinvoke_L(java.lang.Object, java.lang.Object, java.lang.Object, java.lang.Object, java.lang.Object, java.lang.Object, java.lang.Object, java.lang.Object, java.lang.Object, java.lang.Object, java.lang.Object, java.lang.Object, java.lang.Object, java.lang.Object, java.lang.Object, java.lang.Object, java.lang.Object, java.lang.Object, java.lang.Object, java.lang.Object, java.lang.O
Event: 41.940 Thread 0x000001887b849070 Exception <a 'java/lang/NoSuchMethodError'{0x0000000083dd2770}: 'java.lang.Object java.lang.invoke.Invokers$Holder.invoker(java.lang.Object, java.lang.Object, java.lang.Object, java.lang.Object, java.lang.Object, java.lang.Object, java.lang.Object, java.lang.Object, java.lang.Object, java.lang.Object, java.lang.Object, java.lang.Object, java.lang.Object, java.lang.Object, java.lang.Object, java.lang.Object, java.lang.Object, java.lang.Object, java.lang.Object, java.lang.Object, java.lang.Object)'> (0x00000
Event: 41.942 Thread 0x000001887b849070 Exception <a 'java/lang/NoSuchMethodError'{0x0000000083dd96f8}: 'java.lang.Object java.lang.invoke.DelegatingMethodHandle$Holder.delegate(java.lang.Object, java.lang.Object, java.lang.Object, java.lang.Object, java.lang.Object, java.lang.Object, java.lang.Object, java.lang.Object, java.lang.Object, java.lang.Object, java.lang.Object, java.lang.Object, java.lang.Object, java.lang.Object, java.lang.Object, java.lang.Object, java.lang.Object, java.lang.Object, java.lang.Object, java.lang.Object, java.lang.Obj
Event: 41.997 Thread 0x000001887b849070 Exception <a 'java/lang/NoSuchMethodError'{0x0000000083c62da0}: 'java.lang.Object java.lang.invoke.DirectMethodHandle$Holder.invokeStatic(java.lang.Object, java.lang.Object, java.lang.Object, java.lang.Object, java.lang.Object, java.lang.Object, java.lang.Object, java.lang.Object, java.lang.Object, java.lang.Object, java.lang.Object, java.lang.Object, java.lang.Object, java.lang.Object, java.lang.Object, java.lang.Object, java.lang.Object)'> (0x0000000083c62da0) 
thrown [t:\workspace\open\src\hotspot\share
Event: 42.001 Thread 0x000001887b849070 Exception <a 'java/lang/NoSuchMethodError'{0x0000000083c8af10}: 'java.lang.Object java.lang.invoke.DirectMethodHandle$Holder.invokeStatic(java.lang.Object, java.lang.Object, java.lang.Object, java.lang.Object, java.lang.Object, java.lang.Object, java.lang.Object, java.lang.Object, java.lang.Object, java.lang.Object, java.lang.Object, java.lang.Object, java.lang.Object, java.lang.Object, java.lang.Object, java.lang.Object, java.lang.Object, java.lang.Object)'> (0x0000000083c8af10) 
thrown [t:\workspace\open
Event: 42.006 Thread 0x000001887b849070 Exception <a 'java/lang/NoSuchMethodError'{0x0000000083cbc9c0}: 'java.lang.Object java.lang.invoke.DirectMethodHandle$Holder.invokeStatic(java.lang.Object, java.lang.Object, java.lang.Object, java.lang.Object, java.lang.Object, java.lang.Object, java.lang.Object, java.lang.Object, java.lang.Object, java.lang.Object, java.lang.Object, java.lang.Object, java.lang.Object, java.lang.Object, java.lang.Object, java.lang.Object, java.lang.Object, java.lang.Object, java.lang.Object)'> (0x0000000083cbc9c0) 
thrown 
Event: 42.011 Thread 0x000001887b849070 Exception <a 'java/lang/NoSuchMethodError'{0x0000000083ce6850}: 'java.lang.Object java.lang.invoke.DirectMethodHandle$Holder.invokeStatic(java.lang.Object, java.lang.Object, java.lang.Object, java.lang.Object, java.lang.Object, java.lang.Object, java.lang.Object, java.lang.Object, java.lang.Object, java.lang.Object, java.lang.Object, java.lang.Object, java.lang.Object, java.lang.Object, java.lang.Object, java.lang.Object, java.lang.Object, java.lang.Object, java.lang.Object, java.lang.Object)'> (0x00000000
Event: 42.014 Thread 0x000001887b849070 Exception <a 'java/lang/NoSuchMethodError'{0x0000000083b11fb8}: 'java.lang.Object java.lang.invoke.DirectMethodHandle$Holder.invokeStatic(java.lang.Object, java.lang.Object, java.lang.Object, java.lang.Object, java.lang.Object, java.lang.Object, java.lang.Object, java.lang.Object, java.lang.Object, java.lang.Object, java.lang.Object, java.lang.Object, java.lang.Object, java.lang.Object, java.lang.Object, java.lang.Object, java.lang.Object, java.lang.Object, java.lang.Object, java.lang.Object, java.lang.Obj
Event: 42.017 Thread 0x000001887b849070 Exception <a 'java/lang/NoSuchMethodError'{0x0000000083b3d810}: 'java.lang.Object java.lang.invoke.DirectMethodHandle$Holder.invokeStatic(java.lang.Object, java.lang.Object, java.lang.Object, java.lang.Object, java.lang.Object, java.lang.Object, java.lang.Object, java.lang.Object, java.lang.Object, java.lang.Object, java.lang.Object, java.lang.Object, java.lang.Object, java.lang.Object, java.lang.Object, java.lang.Object, java.lang.Object, java.lang.Object, java.lang.Object, java.lang.Object, java.lang.Obj
Event: 42.019 Thread 0x000001887b849070 Exception <a 'java/lang/NoSuchMethodError'{0x0000000083b6ad80}: 'java.lang.Object java.lang.invoke.DirectMethodHandle$Holder.invokeStatic(java.lang.Object, java.lang.Object, java.lang.Object, java.lang.Object, java.lang.Object, java.lang.Object, java.lang.Object, java.lang.Object, java.lang.Object, java.lang.Object, java.lang.Object, java.lang.Object, java.lang.Object, java.lang.Object, java.lang.Object, java.lang.Object, java.lang.Object, java.lang.Object, java.lang.Object, java.lang.Object, java.lang.Obj
Event: 42.025 Thread 0x000001887b849070 Exception <a 'java/lang/NoSuchMethodError'{0x0000000083b99928}: 'java.lang.Object java.lang.invoke.DirectMethodHandle$Holder.invokeStatic(java.lang.Object, java.lang.Object, java.lang.Object, java.lang.Object, java.lang.Object, java.lang.Object, java.lang.Object, java.lang.Object, java.lang.Object, java.lang.Object, java.lang.Object, java.lang.Object, java.lang.Object, java.lang.Object, java.lang.Object, java.lang.Object, java.lang.Object, java.lang.Object, java.lang.Object, java.lang.Object, java.lang.Obj
Event: 45.366 Thread 0x000001887b849070 Exception <a 'java/lang/NoSuchMethodError'{0x00000000842b8fe0}: 'void java.lang.invoke.DirectMethodHandle$Holder.invokeStatic(java.lang.Object, java.lang.Object, java.lang.Object, java.lang.Object, java.lang.Object, java.lang.Object)'> (0x00000000842b8fe0) 
thrown [t:\workspace\open\src\hotspot\share\interpreter\linkResolver.cpp, line 766]
Event: 53.492 Thread 0x000001887b849070 Exception <a 'java/lang/ClassNotFoundException'{0x0000000084799220}: build_a0lc5mgo030b27qwu5y4awkbBeanInfo> (0x0000000084799220) 
thrown [t:\workspace\open\src\hotspot\share\classfile\systemDictionary.cpp, line 256]
Event: 53.501 Thread 0x000001887b849070 Exception <a 'java/lang/ClassNotFoundException'{0x000000008479fcd0}: build_a0lc5mgo030b27qwu5y4awkbCustomizer> (0x000000008479fcd0) 
thrown [t:\workspace\open\src\hotspot\share\classfile\systemDictionary.cpp, line 256]

VM Operations (20 events):
Event: 47.327 Executing VM operation: Cleanup done
Event: 48.339 Executing VM operation: Cleanup
Event: 48.488 Executing VM operation: Cleanup done
Event: 49.100 Executing VM operation: G1CollectForAllocation
Event: 49.113 Executing VM operation: G1CollectForAllocation done
Event: 49.206 Executing VM operation: G1Concurrent
Event: 49.257 Executing VM operation: G1Concurrent done
Event: 49.299 Executing VM operation: G1Concurrent
Event: 49.329 Executing VM operation: G1Concurrent done
Event: 50.344 Executing VM operation: Cleanup
Event: 50.344 Executing VM operation: Cleanup done
Event: 51.346 Executing VM operation: Cleanup
Event: 51.346 Executing VM operation: Cleanup done
Event: 52.361 Executing VM operation: Cleanup
Event: 52.361 Executing VM operation: Cleanup done
Event: 52.825 Executing VM operation: G1CollectForAllocation
Event: 52.856 Executing VM operation: G1CollectForAllocation done
Event: 53.536 Executing VM operation: G1TryInitiateConcMark
Event: 53.547 Executing VM operation: G1TryInitiateConcMark done
Event: 53.643 Executing VM operation: G1Concurrent

Events (20 events):
Event: 46.689 Thread 0x000001887aa695d0 Thread added: 0x000001887aa695d0
Event: 46.690 Thread 0x000001887aa6a440 Thread added: 0x000001887aa6a440
Event: 46.691 Thread 0x000001887aa68c30 Thread added: 0x000001887aa68c30
Event: 46.697 Thread 0x000001887aa6b2b0 Thread added: 0x000001887aa6b2b0
Event: 46.698 Thread 0x000001887aa6cf90 Thread added: 0x000001887aa6cf90
Event: 46.699 Thread 0x000001887aa65740 Thread added: 0x000001887aa65740
Event: 46.700 Thread 0x000001887aa6c5f0 Thread added: 0x000001887aa6c5f0
Event: 46.700 Thread 0x000001887aa678f0 Thread added: 0x000001887aa678f0
Event: 46.704 Thread 0x000001887aa67dc0 Thread added: 0x000001887aa67dc0
Event: 46.713 Thread 0x000001887aa6c120 Thread added: 0x000001887aa6c120
Event: 46.719 Thread 0x000001887aa660e0 Thread added: 0x000001887aa660e0
Event: 46.725 Thread 0x000001887aa69100 Thread added: 0x000001887aa69100
Event: 46.726 Thread 0x000001887aa69aa0 Thread added: 0x000001887aa69aa0
Event: 46.726 Thread 0x000001887aa69f70 Thread added: 0x000001887aa69f70
Event: 46.727 Thread 0x000001887aa6a910 Thread added: 0x000001887aa6a910
Event: 46.727 Thread 0x000001887aa665b0 Thread added: 0x000001887aa665b0
Event: 46.727 Thread 0x000001887aa6ade0 Thread added: 0x000001887aa6ade0
Event: 46.728 Thread 0x000001887c411af0 Thread added: 0x000001887c411af0
Event: 46.728 Thread 0x000001887c416320 Thread added: 0x000001887c416320
Event: 46.728 Thread 0x000001887c415e50 Thread added: 0x000001887c415e50


Dynamic libraries:
0x00007ff67aa50000 - 0x00007ff67aa60000 	C:\Program Files\Java\jdk-17.0.3.1\bin\java.exe
0x00007ffd6cf30000 - 0x00007ffd6d124000 	C:\WINDOWS\SYSTEM32\ntdll.dll
0x00007ffd49e70000 - 0x00007ffd49e87000 	C:\Program Files\Avast Software\Avast\aswhook.dll
0x00007ffd6afa0000 - 0x00007ffd6b05d000 	C:\WINDOWS\System32\KERNEL32.DLL
0x00007ffd6a750000 - 0x00007ffd6aa17000 	C:\WINDOWS\System32\KERNELBASE.dll
0x00007ffd6adf0000 - 0x00007ffd6aef0000 	C:\WINDOWS\System32\ucrtbase.dll
0x00007ffd4d550000 - 0x00007ffd4d568000 	C:\Program Files\Java\jdk-17.0.3.1\bin\jli.dll
0x00007ffd6c580000 - 0x00007ffd6c62a000 	C:\WINDOWS\System32\ADVAPI32.dll
0x00007ffd6b250000 - 0x00007ffd6b2ee000 	C:\WINDOWS\System32\msvcrt.dll
0x00007ffd6ce50000 - 0x00007ffd6ceeb000 	C:\WINDOWS\System32\sechost.dll
0x00007ffd4d530000 - 0x00007ffd4d54a000 	C:\Program Files\Java\jdk-17.0.3.1\bin\VCRUNTIME140.dll
0x00007ffd6b060000 - 0x00007ffd6b183000 	C:\WINDOWS\System32\RPCRT4.dll
0x00007ffd6ccb0000 - 0x00007ffd6ce50000 	C:\WINDOWS\System32\USER32.dll
0x00007ffd6a680000 - 0x00007ffd6a6a2000 	C:\WINDOWS\System32\win32u.dll
0x00007ffd6caa0000 - 0x00007ffd6caca000 	C:\WINDOWS\System32\GDI32.dll
0x00007ffd6ace0000 - 0x00007ffd6adea000 	C:\WINDOWS\System32\gdi32full.dll
0x00007ffd6a6b0000 - 0x00007ffd6a74d000 	C:\WINDOWS\System32\msvcp_win.dll
0x00007ffd61ea0000 - 0x00007ffd6213a000 	C:\WINDOWS\WinSxS\amd64_microsoft.windows.common-controls_6595b64144ccf1df_6.0.19041.1_none_b555e41d4684ddec\COMCTL32.dll
0x00007ffd630e0000 - 0x00007ffd630ea000 	C:\WINDOWS\SYSTEM32\VERSION.dll
0x00007ffd6bee0000 - 0x00007ffd6bf10000 	C:\WINDOWS\System32\IMM32.DLL
0x00007ffd50a80000 - 0x00007ffd50a8c000 	C:\Program Files\Java\jdk-17.0.3.1\bin\vcruntime140_1.dll
0x00007ffd1db90000 - 0x00007ffd1dc1d000 	C:\Program Files\Java\jdk-17.0.3.1\bin\msvcp140.dll
0x00007ffd1cfd0000 - 0x00007ffd1db90000 	C:\Program Files\Java\jdk-17.0.3.1\bin\server\jvm.dll
0x00007ffd6c1f0000 - 0x00007ffd6c1f8000 	C:\WINDOWS\System32\PSAPI.DLL
0x00007ffd5b080000 - 0x00007ffd5b089000 	C:\WINDOWS\SYSTEM32\WSOCK32.dll
0x00007ffd54470000 - 0x00007ffd54497000 	C:\WINDOWS\SYSTEM32\WINMM.dll
0x00007ffd6cad0000 - 0x00007ffd6cb3b000 	C:\WINDOWS\System32\WS2_32.dll
0x00007ffd68610000 - 0x00007ffd68623000 	C:\WINDOWS\SYSTEM32\kernel.appcore.dll
0x00007ffd50730000 - 0x00007ffd5073a000 	C:\Program Files\Java\jdk-17.0.3.1\bin\jimage.dll
0x00007ffd62c20000 - 0x00007ffd62e04000 	C:\WINDOWS\SYSTEM32\DBGHELP.DLL
0x00007ffd62bb0000 - 0x00007ffd62bdc000 	C:\WINDOWS\SYSTEM32\dbgcore.DLL
0x00007ffd6af20000 - 0x00007ffd6af9f000 	C:\WINDOWS\System32\bcryptPrimitives.dll
0x00007ffd48450000 - 0x00007ffd48475000 	C:\Program Files\Java\jdk-17.0.3.1\bin\java.dll
0x00007ffd1cef0000 - 0x00007ffd1cfc6000 	C:\Program Files\Java\jdk-17.0.3.1\bin\jsvml.dll
0x00007ffd6b660000 - 0x00007ffd6bd95000 	C:\WINDOWS\System32\SHELL32.dll
0x00007ffd68810000 - 0x00007ffd68f9f000 	C:\WINDOWS\SYSTEM32\windows.storage.dll
0x00007ffd6c220000 - 0x00007ffd6c573000 	C:\WINDOWS\System32\combase.dll
0x00007ffd6a100000 - 0x00007ffd6a12b000 	C:\WINDOWS\SYSTEM32\Wldp.dll
0x00007ffd6cba0000 - 0x00007ffd6cc4e000 	C:\WINDOWS\System32\SHCORE.dll
0x00007ffd6b1f0000 - 0x00007ffd6b245000 	C:\WINDOWS\System32\shlwapi.dll
0x00007ffd6a5c0000 - 0x00007ffd6a5df000 	C:\WINDOWS\SYSTEM32\profapi.dll
0x00007ffd4d4b0000 - 0x00007ffd4d4c9000 	C:\Program Files\Java\jdk-17.0.3.1\bin\net.dll
0x00007ffd5f6f0000 - 0x00007ffd5f7f0000 	C:\WINDOWS\SYSTEM32\WINHTTP.dll
0x00007ffd69e80000 - 0x00007ffd69eea000 	C:\WINDOWS\system32\mswsock.dll
0x00007ffd45dc0000 - 0x00007ffd45dd6000 	C:\Program Files\Java\jdk-17.0.3.1\bin\nio.dll
0x00007ffd42550000 - 0x00007ffd42568000 	C:\Program Files\Java\jdk-17.0.3.1\bin\zip.dll
0x00007ffd4d480000 - 0x00007ffd4d490000 	C:\Program Files\Java\jdk-17.0.3.1\bin\verify.dll
0x00007ffd57f90000 - 0x00007ffd57fb7000 	C:\Users\Ahmed\.gradle\native\e1d6ef7f7dcc3fd88c89a11ec53ec762bb8ba0a96d01ffa2cd45eb1d1d8dd5c5\windows-amd64\native-platform.dll
0x00007ffd1cda0000 - 0x00007ffd1cee4000 	C:\Users\Ahmed\.gradle\native\0d407fdbe67a94daf76414ababcb853783967236a71b16ec16e742cd7a986fd3\windows-amd64\native-platform-file-events.dll
0x00007ffd5c520000 - 0x00007ffd5c529000 	C:\Program Files\Java\jdk-17.0.3.1\bin\management.dll
0x00007ffd5c510000 - 0x00007ffd5c51b000 	C:\Program Files\Java\jdk-17.0.3.1\bin\management_ext.dll
0x00007ffd6a050000 - 0x00007ffd6a068000 	C:\WINDOWS\SYSTEM32\CRYPTSP.dll
0x00007ffd697a0000 - 0x00007ffd697d4000 	C:\WINDOWS\system32\rsaenh.dll
0x00007ffd6aef0000 - 0x00007ffd6af17000 	C:\WINDOWS\System32\bcrypt.dll
0x00007ffd6a580000 - 0x00007ffd6a5ae000 	C:\WINDOWS\SYSTEM32\USERENV.dll
0x00007ffd6a070000 - 0x00007ffd6a07c000 	C:\WINDOWS\SYSTEM32\CRYPTBASE.dll
0x00007ffd69b20000 - 0x00007ffd69b5b000 	C:\WINDOWS\SYSTEM32\IPHLPAPI.DLL
0x00007ffd6bda0000 - 0x00007ffd6bda9000 	C:\WINDOWS\System32\NSI.dll
0x00007ffd62b90000 - 0x00007ffd62ba7000 	C:\WINDOWS\SYSTEM32\dhcpcsvc6.DLL
0x00007ffd628b0000 - 0x00007ffd628cd000 	C:\WINDOWS\SYSTEM32\dhcpcsvc.DLL
0x00007ffd69b70000 - 0x00007ffd69c3a000 	C:\WINDOWS\SYSTEM32\DNSAPI.dll
0x00007ffd4c6c0000 - 0x00007ffd4c6ce000 	C:\Program Files\Java\jdk-17.0.3.1\bin\sunmscapi.dll
0x00007ffd6aad0000 - 0x00007ffd6ac2d000 	C:\WINDOWS\System32\CRYPT32.dll
0x00007ffd6a170000 - 0x00007ffd6a197000 	C:\WINDOWS\SYSTEM32\ncrypt.dll
0x00007ffd6a130000 - 0x00007ffd6a16b000 	C:\WINDOWS\SYSTEM32\NTASN1.dll
0x00007ffd4c680000 - 0x00007ffd4c687000 	C:\WINDOWS\system32\wshunix.dll

dbghelp: loaded successfully - version: 4.0.5 - missing functions: none
symbol engine: initialized successfully - sym options: 0x614 - pdb path: .;C:\Program Files\Java\jdk-17.0.3.1\bin;C:\WINDOWS\SYSTEM32;C:\Program Files\Avast Software\Avast;C:\WINDOWS\WinSxS\amd64_microsoft.windows.common-controls_6595b64144ccf1df_6.0.19041.1_none_b555e41d4684ddec;C:\Program Files\Java\jdk-17.0.3.1\bin\server;C:\Users\Ahmed\.gradle\native\e1d6ef7f7dcc3fd88c89a11ec53ec762bb8ba0a96d01ffa2cd45eb1d1d8dd5c5\windows-amd64;C:\Users\Ahmed\.gradle\native\0d407fdbe67a94daf76414ababcb853783967236a71b16ec16e742cd7a986fd3\windows-amd64

VM Arguments:
jvm_args: --add-opens=java.base/java.util=ALL-UNNAMED --add-opens=java.base/java.lang=ALL-UNNAMED --add-opens=java.base/java.lang.invoke=ALL-UNNAMED --add-opens=java.base/java.util=ALL-UNNAMED --add-opens=java.prefs/java.util.prefs=ALL-UNNAMED --add-opens=java.prefs/java.util.prefs=ALL-UNNAMED --add-opens=java.base/java.nio.charset=ALL-UNNAMED --add-opens=java.base/java.net=ALL-UNNAMED --add-opens=java.base/java.util.concurrent.atomic=ALL-UNNAMED -Xmx2048m -Dfile.encoding=UTF-8 -Duser.country=US -Duser.language=en -Duser.variant 
java_command: org.gradle.launcher.daemon.bootstrap.GradleDaemon 7.4
java_class_path (initial): C:\Users\Ahmed\.gradle\wrapper\dists\gradle-7.4-bin\c0gwcg53nkjbqw7r0h0umtfvt\gradle-7.4\lib\gradle-launcher-7.4.jar
Launcher Type: SUN_STANDARD

[Global flags]
     intx CICompilerCount                          = 3                                         {product} {ergonomic}
     uint ConcGCThreads                            = 1                                         {product} {ergonomic}
     uint G1ConcRefinementThreads                  = 4                                         {product} {ergonomic}
   size_t G1HeapRegionSize                         = 1048576                                   {product} {ergonomic}
    uintx GCDrainStackTargetSize                   = 64                                        {product} {ergonomic}
   size_t InitialHeapSize                          = 67108864                                  {product} {ergonomic}
   size_t MarkStackSize                            = 4194304                                   {product} {ergonomic}
   size_t MaxHeapSize                              = 2147483648                                {product} {command line}
   size_t MaxNewSize                               = 1287651328                                {product} {ergonomic}
   size_t MinHeapDeltaBytes                        = 1048576                                   {product} {ergonomic}
   size_t MinHeapSize                              = 8388608                                   {product} {ergonomic}
    uintx NonNMethodCodeHeapSize                   = 5832780                                {pd product} {ergonomic}
    uintx NonProfiledCodeHeapSize                  = 122912730                              {pd product} {ergonomic}
    uintx ProfiledCodeHeapSize                     = 122912730                              {pd product} {ergonomic}
    uintx ReservedCodeCacheSize                    = 251658240                              {pd product} {ergonomic}
     bool SegmentedCodeCache                       = true                                      {product} {ergonomic}
   size_t SoftMaxHeapSize                          = 2147483648                             {manageable} {ergonomic}
     bool UseCompressedClassPointers               = true                           {product lp64_product} {ergonomic}
     bool UseCompressedOops                        = true                           {product lp64_product} {ergonomic}
     bool UseG1GC                                  = true                                      {product} {ergonomic}
     bool UseLargePagesIndividualAllocation        = false                                  {pd product} {ergonomic}

Logging:
Log output configuration:
 #0: stdout all=warning uptime,level,tags
 #1: stderr all=off uptime,level,tags

Environment Variables:
JAVA_HOME=C:\Program Files\Java\jdk-17.0.3.1
PATH=C:\Program Files (x86)\VMware\VMware Player\bin\;C:\Python310\Scripts\;C:\Python310\;C:\Program Files (x86)\Common Files\Intel\Shared Libraries\redist\intel64\compiler;C:\Program Files (x86)\Common Files\Oracle\Java\javapath;C:\Program Files\Common Files\Oracle\Java\javapath;C:\WINDOWS\system32;C:\WINDOWS;C:\WINDOWS\System32\Wbem;C:\WINDOWS\System32\WindowsPowerShell\v1.0\;C:\WINDOWS\System32\OpenSSH\;C:\Program Files\Common Files\Autodesk Shared\;C:\Program Files\Microsoft SQL Server\120\Tools\Binn\;C:\wamp64\bin\php\php7.4.9;C:\xampp\php;C:\ProgramData\ComposerSetup\bin;C:\src\flutter\bin;C:\Users\Ahmed\OneDrive\Desktop\Main Folder\Reskin\APK-Tool;C:\Program Files\dotnet\;C:\ProgramData\chocolatey\bin;C:\Program Files\MongoDB\Server\5.0\bin;C:\Program Files\Git\cmd;C:\Program Files\nodejs\;C:\Users\Ahmed\AppData\Local\Programs\Python\Python39\Scripts\;C:\Users\Ahmed\AppData\Local\Programs\Python\Python39\;D:\New folder\Scripts\;D:\New folder\;C:\BC5\BIN;C:\Users\Ahmed\AppData\Local\Microsoft\WindowsApps;D:\Intellij IDEA\IntelliJ IDEA Community Edition 2021.2\bin;;D:\WebStorm\WebStorm 2020.3.1\bin;;C:\src\flutter\bin;D:\Visual Studio Code\Microsoft VS Code\bin;C:\Program Files\MySQL\MySQL Server 8.0\bin;C:\Users\Ahmed\AppData\Roaming\Composer\vendor\bin;C:\Users\Ahmed\AppData\Roaming\npm
USERNAME=Ahmed
OS=Windows_NT
PROCESSOR_IDENTIFIER=Intel64 Family 6 Model 60 Stepping 3, GenuineIntel



---------------  S Y S T E M  ---------------

OS:
 Windows 10 , 64 bit Build 19041 (10.0.19041.292)
OS uptime: 1 days 0:03 hours

CPU: total 4 (initial active 4) (2 cores per cpu, 2 threads per core) family 6 model 60 stepping 3 microcode 0x27, cx8, cmov, fxsr, ht, mmx, sse, sse2, sse3, ssse3, sse4.1, sse4.2, popcnt, lzcnt, tsc, tscinvbit, avx, avx2, aes, erms, clmul, bmi1, bmi2, fma, vzeroupper, clflush

Memory: 4k page, system-wide physical 3993M (258M free)
TotalPageFile size 16281M (AvailPageFile size 6M)
current process WorkingSet (physical memory assigned to process): 147M, peak: 166M
current process commit charge ("private bytes"): 244M, peak: 254M

vm_info: Java HotSpot(TM) 64-Bit Server VM (17.0.3.1+2-LTS-6) for windows-amd64 JRE (17.0.3.1+2-LTS-6), built on Apr 25 2022 22:04:21 by "mach5one" with MS VC++ 16.8 / 16.9 (VS2019)

END.
